<?xml version="1.0" encoding="UTF-8"?>
<testsuite xmlns:xsi="http://www.w3.org/2001/XMLSchema-instance" xsi:noNamespaceSchemaLocation="https://maven.apache.org/surefire/maven-surefire-plugin/xsd/surefire-test-report-3.0.xsd" version="3.0" name="com.example.videobackoffice.service.EventIngestServiceTest" time="0.612" tests="3" errors="0" skipped="0" failures="0">
  <properties>
[...]
</properties>
  <testcase name="ingestShouldIgnoreInvalidEvents" classname="com.example.videobackoffice.service.EventIngestServiceTest" time="0.323"/>
  <testcase name="ingestShouldSetTimestampAndReturnLatestSortedEvents" classname="com.example.videobackoffice.service.EventIngestServiceTest" time="0.036"/>
  <testcase name="latestForRoomShouldClampLimitToValidRange" classname="com.example.videobackoffice.service.EventIngestServiceTest" time="0.183"/>
</testsuite>